time="2024-08-07T13:11:43+05:00" level=info msg="logger initialized" func="main.go:28" file="main.main()"
time="2024-08-07T13:11:43+05:00" level=info msg="config initializing" func="main.go:30" file="main.main()"
time="2024-08-07T13:11:43+05:00" level=info msg="read application config" func="config.go:40" file="github.com/senizdegen/sdu-housing/user-service/internal/config.GetConfig.func1()"
time="2024-08-07T13:11:43+05:00" level=info msg="&{0xc000175fdb {port localhost 10001} {localhost 27017 senizdegen akberdiev32 sdu-housing sdu-housing users}}" func="main.go:32" file="main.main()"
time="2024-08-07T13:11:43+05:00" level=info msg="router initializing" func="main.go:34" file="main.main()"
time="2024-08-07T13:11:43+05:00" level=info msg="start application" func="main.go:66" file="main.main()"
time="2024-08-07T13:11:43+05:00" level=info msg="bind application to host: localhost and port: 10001" func="main.go:89" file="main.start()"
time="2024-08-07T13:11:43+05:00" level=info msg="application initialized and started" func="main.go:108" file="main.start()"
time="2024-08-07T13:12:08+05:00" level=info msg="CREATE USER" func="handler.go:90" file="github.com/senizdegen/sdu-housing/user-service/internal/user.(*Handler).CreateUser()"
time="2024-08-07T13:12:08+05:00" level=debug msg="decode create user dto" func="handler.go:93" file="github.com/senizdegen/sdu-housing/user-service/internal/user.(*Handler).CreateUser()"
time="2024-08-07T13:12:08+05:00" level=debug msg="check password and repeated password" func="service.go:67" file="github.com/senizdegen/sdu-housing/user-service/internal/user.(*service).Create()"
time="2024-08-07T13:12:08+05:00" level=debug msg="generate password hash" func="service.go:74" file="github.com/senizdegen/sdu-housing/user-service/internal/user.(*service).Create()"
time="2024-08-07T13:12:08+05:00" level=info msg="GET USER" func="handler.go:35" file="github.com/senizdegen/sdu-housing/user-service/internal/user.(*Handler).GetUser()"
time="2024-08-07T13:12:08+05:00" level=debug msg="get uuid from context" func="handler.go:38" file="github.com/senizdegen/sdu-housing/user-service/internal/user.(*Handler).GetUser()"
time="2024-08-07T13:12:08+05:00" level=debug msg="marshal user" func="handler.go:46" file="github.com/senizdegen/sdu-housing/user-service/internal/user.(*Handler).GetUser()"
time="2024-08-07T13:12:19+05:00" level=info msg="GET USER BY PHONE NUMBER AND PASSWORD" func="handler.go:60" file="github.com/senizdegen/sdu-housing/user-service/internal/user.(*Handler).GetUserByPhoneNumberAndPassword()"
time="2024-08-07T13:12:19+05:00" level=debug msg="get phone number and password from URL" func="handler.go:63" file="github.com/senizdegen/sdu-housing/user-service/internal/user.(*Handler).GetUserByPhoneNumberAndPassword()"
time="2024-08-07T13:12:19+05:00" level=debug msg="phone number: 87781734309 password: dos" func="handler.go:70" file="github.com/senizdegen/sdu-housing/user-service/internal/user.(*Handler).GetUserByPhoneNumberAndPassword()"
time="2024-08-07T13:12:19+05:00" level=debug msg="marshal user" func="handler.go:77" file="github.com/senizdegen/sdu-housing/user-service/internal/user.(*Handler).GetUserByPhoneNumberAndPassword()"
time="2024-08-07T13:12:31+05:00" level=info msg="Caught signal interrupt. Shutting down..." func="shutdown.go:17" file="github.com/senizdegen/sdu-housing/user-service/pkg/shutdown.Graceful()"
time="2024-08-07T13:12:31+05:00" level=warning msg="server shutdown" func="main.go:113" file="main.start()"
time="2024-08-07T13:13:27+05:00" level=info msg="logger initialized" func="main.go:28" file="main.main()"
time="2024-08-07T13:13:27+05:00" level=info msg="config initializing" func="main.go:30" file="main.main()"
time="2024-08-07T13:13:27+05:00" level=info msg="read application config" func="config.go:40" file="github.com/senizdegen/sdu-housing/user-service/internal/config.GetConfig.func1()"
time="2024-08-07T13:13:27+05:00" level=info msg="&{0xc0001b402b {port localhost 10001} {localhost 27017 senizdegen akberdiev32 sdu-housing sdu-housing users}}" func="main.go:32" file="main.main()"
time="2024-08-07T13:13:27+05:00" level=info msg="router initializing" func="main.go:34" file="main.main()"
time="2024-08-07T13:13:27+05:00" level=info msg="start application" func="main.go:66" file="main.main()"
time="2024-08-07T13:13:27+05:00" level=info msg="bind application to host: localhost and port: 10001" func="main.go:89" file="main.start()"
time="2024-08-07T13:13:27+05:00" level=info msg="application initialized and started" func="main.go:108" file="main.start()"
time="2024-08-07T13:13:32+05:00" level=info msg="GET USER BY PHONE NUMBER AND PASSWORD" func="handler.go:60" file="github.com/senizdegen/sdu-housing/user-service/internal/user.(*Handler).GetUserByPhoneNumberAndPassword()"
time="2024-08-07T13:13:32+05:00" level=debug msg="get phone number and password from URL" func="handler.go:63" file="github.com/senizdegen/sdu-housing/user-service/internal/user.(*Handler).GetUserByPhoneNumberAndPassword()"
time="2024-08-07T13:13:32+05:00" level=debug msg="phone number: 87781734309 password: dos" func="handler.go:70" file="github.com/senizdegen/sdu-housing/user-service/internal/user.(*Handler).GetUserByPhoneNumberAndPassword()"
time="2024-08-07T13:13:32+05:00" level=debug msg="marshal user" func="handler.go:77" file="github.com/senizdegen/sdu-housing/user-service/internal/user.(*Handler).GetUserByPhoneNumberAndPassword()"
time="2024-08-07T13:14:29+05:00" level=info msg="GET USER BY PHONE NUMBER AND PASSWORD" func="handler.go:60" file="github.com/senizdegen/sdu-housing/user-service/internal/user.(*Handler).GetUserByPhoneNumberAndPassword()"
time="2024-08-07T13:14:29+05:00" level=debug msg="get phone number and password from URL" func="handler.go:63" file="github.com/senizdegen/sdu-housing/user-service/internal/user.(*Handler).GetUserByPhoneNumberAndPassword()"
time="2024-08-07T13:14:29+05:00" level=debug msg="phone number: 87781734309 password: dos" func="handler.go:70" file="github.com/senizdegen/sdu-housing/user-service/internal/user.(*Handler).GetUserByPhoneNumberAndPassword()"
time="2024-08-07T13:14:29+05:00" level=debug msg="marshal user" func="handler.go:77" file="github.com/senizdegen/sdu-housing/user-service/internal/user.(*Handler).GetUserByPhoneNumberAndPassword()"
time="2024-08-07T13:14:48+05:00" level=info msg="Caught signal interrupt. Shutting down..." func="shutdown.go:17" file="github.com/senizdegen/sdu-housing/user-service/pkg/shutdown.Graceful()"
time="2024-08-07T13:14:48+05:00" level=warning msg="server shutdown" func="main.go:113" file="main.start()"
time="2024-08-07T18:10:38+05:00" level=info msg="logger initialized" func="main.go:29" file="main.main()"
time="2024-08-07T18:10:38+05:00" level=info msg="config initializing" func="main.go:31" file="main.main()"
time="2024-08-07T18:10:38+05:00" level=info msg="read application config" func="config.go:45" file="github.com/senizdegen/sdu-housing/user-service/internal/config.GetConfig.func1()"
time="2024-08-07T18:10:38+05:00" level=info msg="&{0xc0001201b4 {q1w2e3r4t5y6} {port localhost 10001} {localhost 27017 senizdegen akberdiev32 sdu-housing sdu-housing users}}" func="main.go:33" file="main.main()"
time="2024-08-07T18:10:38+05:00" level=info msg="router initializing" func="main.go:35" file="main.main()"
time="2024-08-07T18:10:38+05:00" level=info msg="cache initializing" func="main.go:54" file="main.main()"
time="2024-08-07T18:10:38+05:00" level=info msg="start application" func="main.go:71" file="main.main()"
time="2024-08-07T18:10:38+05:00" level=info msg="bind application to host: localhost and port: 10001" func="main.go:94" file="main.start()"
time="2024-08-07T18:10:38+05:00" level=info msg="application initialized and started" func="main.go:113" file="main.start()"
time="2024-08-07T18:11:27+05:00" level=info msg="GET USER BY PHONE NUMBER AND PASSWORD" func="handler.go:60" file="github.com/senizdegen/sdu-housing/user-service/internal/user.(*Handler).GetUserByPhoneNumberAndPassword()"
time="2024-08-07T18:11:27+05:00" level=debug msg="get phone number and password from URL" func="handler.go:63" file="github.com/senizdegen/sdu-housing/user-service/internal/user.(*Handler).GetUserByPhoneNumberAndPassword()"
time="2024-08-07T18:11:27+05:00" level=debug msg="phone number: 87781734309 password: dos" func="handler.go:70" file="github.com/senizdegen/sdu-housing/user-service/internal/user.(*Handler).GetUserByPhoneNumberAndPassword()"
time="2024-08-07T18:11:27+05:00" level=info msg="Generate jwt token" func="service.go:82" file="github.com/senizdegen/sdu-housing/user-service/internal/user.service.GetByPhoneNumberAndPassword()"
time="2024-08-07T18:11:27+05:00" level=info msg="create refresh token" func="service.go:142" file="github.com/senizdegen/sdu-housing/user-service/internal/user.(*service).GenerateAccessToken()"
time="2024-08-07T18:11:27+05:00" level=debug msg="token: {\"refresh_token\":\"243518a9-c92d-4713-a573-fad46ec464a0\",\"token\":\"eyJhbGciOiJIUzI1NiIsInR5cCI6IkpXVCJ9.eyJqdGkiOiI2NmIzMmM1ODIwMmMwZDEzNDNjNGZhYmYiLCJhdWQiOiJ1c2VycyIsImV4cCI6MTcyMzAzOTg4NywidXVpZCI6IjY2YjMyYzU4MjAyYzBkMTM0M2M0ZmFiZiIsInJvbGUiOiIifQ.bSPPHK8xbpRuuaMopzZ15mJKvuBerlL5EPnc5dC4MgU\"}" func="service.go:89" file="github.com/senizdegen/sdu-housing/user-service/internal/user.service.GetByPhoneNumberAndPassword()"
time="2024-08-07T18:11:27+05:00" level=debug msg="marshal user" func="handler.go:77" file="github.com/senizdegen/sdu-housing/user-service/internal/user.(*Handler).GetUserByPhoneNumberAndPassword()"
time="2024-08-07T18:13:42+05:00" level=info msg="GET USER BY PHONE NUMBER AND PASSWORD" func="handler.go:60" file="github.com/senizdegen/sdu-housing/user-service/internal/user.(*Handler).GetUserByPhoneNumberAndPassword()"
time="2024-08-07T18:13:42+05:00" level=debug msg="get phone number and password from URL" func="handler.go:63" file="github.com/senizdegen/sdu-housing/user-service/internal/user.(*Handler).GetUserByPhoneNumberAndPassword()"
time="2024-08-07T18:13:42+05:00" level=debug msg="phone number: 87781734309 password: dos" func="handler.go:70" file="github.com/senizdegen/sdu-housing/user-service/internal/user.(*Handler).GetUserByPhoneNumberAndPassword()"
time="2024-08-07T18:13:42+05:00" level=info msg="Generate jwt token" func="service.go:82" file="github.com/senizdegen/sdu-housing/user-service/internal/user.service.GetByPhoneNumberAndPassword()"
time="2024-08-07T18:13:42+05:00" level=info msg="create refresh token" func="service.go:142" file="github.com/senizdegen/sdu-housing/user-service/internal/user.(*service).GenerateAccessToken()"
time="2024-08-07T18:13:42+05:00" level=debug msg="token: {\"refresh_token\":\"6c614104-54a2-487e-8bea-39356b188d17\",\"token\":\"eyJhbGciOiJIUzI1NiIsInR5cCI6IkpXVCJ9.eyJqdGkiOiI2NmIzMmM1ODIwMmMwZDEzNDNjNGZhYmYiLCJhdWQiOiJ1c2VycyIsImV4cCI6MTcyMzA0MDAyMiwidXVpZCI6IjY2YjMyYzU4MjAyYzBkMTM0M2M0ZmFiZiIsInJvbGUiOiIifQ.mSdTx_5cAAzGgBtNErP2vpae_ZhwsFG2wVQDeMOh0XY\"}" func="service.go:89" file="github.com/senizdegen/sdu-housing/user-service/internal/user.service.GetByPhoneNumberAndPassword()"
time="2024-08-07T18:13:42+05:00" level=debug msg="marshal user" func="handler.go:77" file="github.com/senizdegen/sdu-housing/user-service/internal/user.(*Handler).GetUserByPhoneNumberAndPassword()"
time="2024-08-07T18:13:43+05:00" level=info msg="GET USER BY PHONE NUMBER AND PASSWORD" func="handler.go:60" file="github.com/senizdegen/sdu-housing/user-service/internal/user.(*Handler).GetUserByPhoneNumberAndPassword()"
time="2024-08-07T18:13:43+05:00" level=debug msg="get phone number and password from URL" func="handler.go:63" file="github.com/senizdegen/sdu-housing/user-service/internal/user.(*Handler).GetUserByPhoneNumberAndPassword()"
time="2024-08-07T18:13:43+05:00" level=debug msg="phone number: 87781734309 password: dos" func="handler.go:70" file="github.com/senizdegen/sdu-housing/user-service/internal/user.(*Handler).GetUserByPhoneNumberAndPassword()"
time="2024-08-07T18:13:43+05:00" level=info msg="Generate jwt token" func="service.go:82" file="github.com/senizdegen/sdu-housing/user-service/internal/user.service.GetByPhoneNumberAndPassword()"
time="2024-08-07T18:13:43+05:00" level=info msg="create refresh token" func="service.go:142" file="github.com/senizdegen/sdu-housing/user-service/internal/user.(*service).GenerateAccessToken()"
time="2024-08-07T18:13:43+05:00" level=debug msg="token: {\"refresh_token\":\"54e5a111-28f5-4386-b13d-8b99e2148133\",\"token\":\"eyJhbGciOiJIUzI1NiIsInR5cCI6IkpXVCJ9.eyJqdGkiOiI2NmIzMmM1ODIwMmMwZDEzNDNjNGZhYmYiLCJhdWQiOiJ1c2VycyIsImV4cCI6MTcyMzA0MDAyMywidXVpZCI6IjY2YjMyYzU4MjAyYzBkMTM0M2M0ZmFiZiIsInJvbGUiOiIifQ.cEj4xW7pzIHeaCtzmT1JNHOiDNRI5MshrHsWdYz-htQ\"}" func="service.go:89" file="github.com/senizdegen/sdu-housing/user-service/internal/user.service.GetByPhoneNumberAndPassword()"
time="2024-08-07T18:13:43+05:00" level=debug msg="marshal user" func="handler.go:77" file="github.com/senizdegen/sdu-housing/user-service/internal/user.(*Handler).GetUserByPhoneNumberAndPassword()"
time="2024-08-07T18:14:41+05:00" level=info msg="GET USER BY PHONE NUMBER AND PASSWORD" func="handler.go:60" file="github.com/senizdegen/sdu-housing/user-service/internal/user.(*Handler).GetUserByPhoneNumberAndPassword()"
time="2024-08-07T18:14:41+05:00" level=debug msg="get phone number and password from URL" func="handler.go:63" file="github.com/senizdegen/sdu-housing/user-service/internal/user.(*Handler).GetUserByPhoneNumberAndPassword()"
time="2024-08-07T18:14:41+05:00" level=debug msg="phone number: 87781734309 password: dos" func="handler.go:70" file="github.com/senizdegen/sdu-housing/user-service/internal/user.(*Handler).GetUserByPhoneNumberAndPassword()"
time="2024-08-07T18:14:41+05:00" level=info msg="Generate jwt token" func="service.go:82" file="github.com/senizdegen/sdu-housing/user-service/internal/user.service.GetByPhoneNumberAndPassword()"
time="2024-08-07T18:14:41+05:00" level=info msg="create refresh token" func="service.go:142" file="github.com/senizdegen/sdu-housing/user-service/internal/user.(*service).GenerateAccessToken()"
time="2024-08-07T18:14:41+05:00" level=debug msg="token: {\"refresh_token\":\"9a8b20dd-86c4-4e44-be49-e4258cded57b\",\"token\":\"eyJhbGciOiJIUzI1NiIsInR5cCI6IkpXVCJ9.eyJqdGkiOiI2NmIzMmM1ODIwMmMwZDEzNDNjNGZhYmYiLCJhdWQiOiJ1c2VycyIsImV4cCI6MTcyMzA0MDA4MSwidXVpZCI6IjY2YjMyYzU4MjAyYzBkMTM0M2M0ZmFiZiIsInJvbGUiOiIifQ.7YfuBGRWmdyVAG0aZo6HNUKslmA7vSMubIOMIOdupds\"}" func="service.go:89" file="github.com/senizdegen/sdu-housing/user-service/internal/user.service.GetByPhoneNumberAndPassword()"
time="2024-08-07T18:14:41+05:00" level=debug msg="marshal user" func="handler.go:77" file="github.com/senizdegen/sdu-housing/user-service/internal/user.(*Handler).GetUserByPhoneNumberAndPassword()"
time="2024-08-07T18:15:39+05:00" level=info msg="GET USER BY PHONE NUMBER AND PASSWORD" func="handler.go:60" file="github.com/senizdegen/sdu-housing/user-service/internal/user.(*Handler).GetUserByPhoneNumberAndPassword()"
time="2024-08-07T18:15:39+05:00" level=debug msg="get phone number and password from URL" func="handler.go:63" file="github.com/senizdegen/sdu-housing/user-service/internal/user.(*Handler).GetUserByPhoneNumberAndPassword()"
time="2024-08-07T18:15:39+05:00" level=debug msg="phone number: 87781734309 password: dos" func="handler.go:70" file="github.com/senizdegen/sdu-housing/user-service/internal/user.(*Handler).GetUserByPhoneNumberAndPassword()"
time="2024-08-07T18:15:39+05:00" level=info msg="Generate jwt token" func="service.go:82" file="github.com/senizdegen/sdu-housing/user-service/internal/user.service.GetByPhoneNumberAndPassword()"
time="2024-08-07T18:15:39+05:00" level=info msg="create refresh token" func="service.go:142" file="github.com/senizdegen/sdu-housing/user-service/internal/user.(*service).GenerateAccessToken()"
time="2024-08-07T18:15:39+05:00" level=debug msg="token: {\"refresh_token\":\"de155cf1-42a9-4e43-8b29-e6687985c663\",\"token\":\"eyJhbGciOiJIUzI1NiIsInR5cCI6IkpXVCJ9.eyJqdGkiOiI2NmIzMmM1ODIwMmMwZDEzNDNjNGZhYmYiLCJhdWQiOiJ1c2VycyIsImV4cCI6MTcyMzA0MDEzOSwidXVpZCI6IjY2YjMyYzU4MjAyYzBkMTM0M2M0ZmFiZiIsInJvbGUiOiIifQ.M4S4CvfDuFMKagiw7CdVAO5w_8hKUWFJzKpFFNiXylA\"}" func="service.go:89" file="github.com/senizdegen/sdu-housing/user-service/internal/user.service.GetByPhoneNumberAndPassword()"
time="2024-08-07T18:15:39+05:00" level=debug msg="marshal user" func="handler.go:77" file="github.com/senizdegen/sdu-housing/user-service/internal/user.(*Handler).GetUserByPhoneNumberAndPassword()"
time="2024-08-07T18:15:40+05:00" level=info msg="GET USER BY PHONE NUMBER AND PASSWORD" func="handler.go:60" file="github.com/senizdegen/sdu-housing/user-service/internal/user.(*Handler).GetUserByPhoneNumberAndPassword()"
time="2024-08-07T18:15:40+05:00" level=debug msg="get phone number and password from URL" func="handler.go:63" file="github.com/senizdegen/sdu-housing/user-service/internal/user.(*Handler).GetUserByPhoneNumberAndPassword()"
time="2024-08-07T18:15:40+05:00" level=debug msg="phone number: 87781734309 password: dos" func="handler.go:70" file="github.com/senizdegen/sdu-housing/user-service/internal/user.(*Handler).GetUserByPhoneNumberAndPassword()"
time="2024-08-07T18:15:40+05:00" level=info msg="Generate jwt token" func="service.go:82" file="github.com/senizdegen/sdu-housing/user-service/internal/user.service.GetByPhoneNumberAndPassword()"
time="2024-08-07T18:15:40+05:00" level=info msg="create refresh token" func="service.go:142" file="github.com/senizdegen/sdu-housing/user-service/internal/user.(*service).GenerateAccessToken()"
time="2024-08-07T18:15:40+05:00" level=debug msg="token: {\"refresh_token\":\"4238c6bf-a905-42fe-bbcc-ce2ad106d3bd\",\"token\":\"eyJhbGciOiJIUzI1NiIsInR5cCI6IkpXVCJ9.eyJqdGkiOiI2NmIzMmM1ODIwMmMwZDEzNDNjNGZhYmYiLCJhdWQiOiJ1c2VycyIsImV4cCI6MTcyMzA0MDE0MCwidXVpZCI6IjY2YjMyYzU4MjAyYzBkMTM0M2M0ZmFiZiIsInJvbGUiOiIifQ.5XPCMZ5Jjg1nkequ_BpYHz_S_3gPKrZB1Jf4sqCEMV4\"}" func="service.go:89" file="github.com/senizdegen/sdu-housing/user-service/internal/user.service.GetByPhoneNumberAndPassword()"
time="2024-08-07T18:15:40+05:00" level=debug msg="marshal user" func="handler.go:77" file="github.com/senizdegen/sdu-housing/user-service/internal/user.(*Handler).GetUserByPhoneNumberAndPassword()"
time="2024-08-07T18:17:34+05:00" level=info msg="Caught signal interrupt. Shutting down..." func="shutdown.go:17" file="github.com/senizdegen/sdu-housing/user-service/pkg/shutdown.Graceful()"
time="2024-08-07T18:17:34+05:00" level=warning msg="server shutdown" func="main.go:118" file="main.start()"
time="2024-08-07T18:17:37+05:00" level=info msg="logger initialized" func="main.go:29" file="main.main()"
time="2024-08-07T18:17:37+05:00" level=info msg="config initializing" func="main.go:31" file="main.main()"
time="2024-08-07T18:17:37+05:00" level=info msg="read application config" func="config.go:45" file="github.com/senizdegen/sdu-housing/user-service/internal/config.GetConfig.func1()"
time="2024-08-07T18:17:37+05:00" level=info msg="&{0xc0001b4054 {q1w2e3r4t5y6} {port localhost 10001} {localhost 27017 senizdegen akberdiev32 sdu-housing sdu-housing users}}" func="main.go:33" file="main.main()"
time="2024-08-07T18:17:37+05:00" level=info msg="router initializing" func="main.go:35" file="main.main()"
time="2024-08-07T18:17:37+05:00" level=info msg="cache initializing" func="main.go:54" file="main.main()"
time="2024-08-07T18:17:37+05:00" level=info msg="start application" func="main.go:71" file="main.main()"
time="2024-08-07T18:17:37+05:00" level=info msg="bind application to host: localhost and port: 10001" func="main.go:94" file="main.start()"
time="2024-08-07T18:17:37+05:00" level=info msg="application initialized and started" func="main.go:113" file="main.start()"
time="2024-08-07T18:17:40+05:00" level=info msg="GET USER BY PHONE NUMBER AND PASSWORD" func="handler.go:60" file="github.com/senizdegen/sdu-housing/user-service/internal/user.(*Handler).GetUserByPhoneNumberAndPassword()"
time="2024-08-07T18:17:40+05:00" level=debug msg="get phone number and password from URL" func="handler.go:63" file="github.com/senizdegen/sdu-housing/user-service/internal/user.(*Handler).GetUserByPhoneNumberAndPassword()"
time="2024-08-07T18:17:40+05:00" level=debug msg="phone number: 87781734309 password: dos" func="handler.go:70" file="github.com/senizdegen/sdu-housing/user-service/internal/user.(*Handler).GetUserByPhoneNumberAndPassword()"
time="2024-08-07T18:17:40+05:00" level=info msg="Generate jwt token" func="service.go:82" file="github.com/senizdegen/sdu-housing/user-service/internal/user.service.GetByPhoneNumberAndPassword()"
time="2024-08-07T18:17:40+05:00" level=info msg="create refresh token" func="service.go:142" file="github.com/senizdegen/sdu-housing/user-service/internal/user.(*service).GenerateAccessToken()"
time="2024-08-07T18:17:40+05:00" level=debug msg="token: {\"refresh_token\":\"56c99d03-7281-44fd-9aa1-020f1615ba40\",\"token\":\"eyJhbGciOiJIUzI1NiIsInR5cCI6IkpXVCJ9.eyJqdGkiOiI2NmIzMmM1ODIwMmMwZDEzNDNjNGZhYmYiLCJhdWQiOiJ1c2VycyIsImV4cCI6MTcyMzA0MDI2MCwidXVpZCI6IjY2YjMyYzU4MjAyYzBkMTM0M2M0ZmFiZiIsInJvbGUiOiIifQ.e1zPt_gm2t70n-emawBunYc82oqnu9fOzGEHrfk-iiE\"}" func="service.go:89" file="github.com/senizdegen/sdu-housing/user-service/internal/user.service.GetByPhoneNumberAndPassword()"
time="2024-08-07T18:17:40+05:00" level=debug msg="marshal user" func="handler.go:77" file="github.com/senizdegen/sdu-housing/user-service/internal/user.(*Handler).GetUserByPhoneNumberAndPassword()"
time="2024-08-07T18:18:22+05:00" level=info msg="Caught signal interrupt. Shutting down..." func="shutdown.go:17" file="github.com/senizdegen/sdu-housing/user-service/pkg/shutdown.Graceful()"
time="2024-08-07T18:18:22+05:00" level=warning msg="server shutdown" func="main.go:118" file="main.start()"
time="2024-08-10T12:13:39+05:00" level=info msg="logger initialized" func="main.go:29" file="main.main()"
time="2024-08-10T12:13:39+05:00" level=info msg="config initializing" func="main.go:31" file="main.main()"
time="2024-08-10T12:13:39+05:00" level=info msg="read application config" func="config.go:45" file="github.com/senizdegen/sdu-housing/user-service/internal/config.GetConfig.func1()"
time="2024-08-10T12:13:39+05:00" level=info msg="&{0xc000136054 {q1w2e3r4t5y6} {port localhost 10001} {localhost 27017 senizdegen akberdiev32 sdu-housing sdu-housing users}}" func="main.go:33" file="main.main()"
time="2024-08-10T12:13:39+05:00" level=info msg="router initializing" func="main.go:35" file="main.main()"
time="2024-08-10T12:13:39+05:00" level=info msg="cache initializing" func="main.go:54" file="main.main()"
time="2024-08-10T12:13:39+05:00" level=info msg="start application" func="main.go:71" file="main.main()"
time="2024-08-10T12:13:39+05:00" level=info msg="bind application to host: localhost and port: 10001" func="main.go:94" file="main.start()"
time="2024-08-10T12:13:39+05:00" level=info msg="application initialized and started" func="main.go:113" file="main.start()"
time="2024-08-10T12:14:58+05:00" level=info msg="GET USER BY PHONE NUMBER AND PASSWORD" func="handler.go:60" file="github.com/senizdegen/sdu-housing/user-service/internal/user.(*Handler).GetUserByPhoneNumberAndPassword()"
time="2024-08-10T12:14:58+05:00" level=debug msg="get phone number and password from URL" func="handler.go:63" file="github.com/senizdegen/sdu-housing/user-service/internal/user.(*Handler).GetUserByPhoneNumberAndPassword()"
time="2024-08-10T12:14:58+05:00" level=debug msg="phone number: 87781734309 password: dos" func="handler.go:70" file="github.com/senizdegen/sdu-housing/user-service/internal/user.(*Handler).GetUserByPhoneNumberAndPassword()"
time="2024-08-10T12:14:58+05:00" level=info msg="Generate jwt token" func="service.go:82" file="github.com/senizdegen/sdu-housing/user-service/internal/user.service.GetByPhoneNumberAndPassword()"
time="2024-08-10T12:14:58+05:00" level=info msg="create refresh token" func="service.go:141" file="github.com/senizdegen/sdu-housing/user-service/internal/user.(*service).GenerateAccessToken()"
time="2024-08-10T12:14:58+05:00" level=debug msg="marshal user" func="handler.go:77" file="github.com/senizdegen/sdu-housing/user-service/internal/user.(*Handler).GetUserByPhoneNumberAndPassword()"
time="2024-08-10T13:39:03+05:00" level=info msg="Caught signal interrupt. Shutting down..." func="shutdown.go:17" file="github.com/senizdegen/sdu-housing/user-service/pkg/shutdown.Graceful()"
time="2024-08-10T13:39:03+05:00" level=warning msg="server shutdown" func="main.go:118" file="main.start()"
time="2024-08-10T13:55:39+05:00" level=info msg="logger initialized" func="main.go:29" file="main.main()"
time="2024-08-10T13:55:39+05:00" level=info msg="config initializing" func="main.go:31" file="main.main()"
time="2024-08-10T13:55:39+05:00" level=info msg="read application config" func="config.go:45" file="github.com/senizdegen/sdu-housing/user-service/internal/config.GetConfig.func1()"
time="2024-08-10T13:55:39+05:00" level=info msg="&{0xc0001b4054 {q1w2e3r4t5y6} {port localhost 10001} {localhost 27017 senizdegen akberdiev32 sdu-housing sdu-housing users}}" func="main.go:33" file="main.main()"
time="2024-08-10T13:55:39+05:00" level=info msg="router initializing" func="main.go:35" file="main.main()"
time="2024-08-10T13:55:39+05:00" level=info msg="cache initializing" func="main.go:54" file="main.main()"
time="2024-08-10T13:55:39+05:00" level=info msg="start application" func="main.go:71" file="main.main()"
time="2024-08-10T13:55:39+05:00" level=info msg="bind application to host: localhost and port: 10001" func="main.go:94" file="main.start()"
time="2024-08-10T13:55:39+05:00" level=info msg="application initialized and started" func="main.go:113" file="main.start()"
time="2024-08-10T13:57:46+05:00" level=info msg="CREATE USER" func="handler.go:91" file="github.com/senizdegen/sdu-housing/user-service/internal/user.(*Handler).CreateUser()"
time="2024-08-10T13:57:46+05:00" level=debug msg="decode create user dto" func="handler.go:94" file="github.com/senizdegen/sdu-housing/user-service/internal/user.(*Handler).CreateUser()"
time="2024-08-10T13:57:46+05:00" level=debug msg="check password and repeated password" func="service.go:94" file="github.com/senizdegen/sdu-housing/user-service/internal/user.(*service).Create()"
time="2024-08-10T13:58:00+05:00" level=info msg="CREATE USER" func="handler.go:91" file="github.com/senizdegen/sdu-housing/user-service/internal/user.(*Handler).CreateUser()"
time="2024-08-10T13:58:00+05:00" level=debug msg="decode create user dto" func="handler.go:94" file="github.com/senizdegen/sdu-housing/user-service/internal/user.(*Handler).CreateUser()"
time="2024-08-10T13:58:00+05:00" level=debug msg="check password and repeated password" func="service.go:94" file="github.com/senizdegen/sdu-housing/user-service/internal/user.(*service).Create()"
time="2024-08-10T13:58:00+05:00" level=debug msg="generate password hash" func="service.go:101" file="github.com/senizdegen/sdu-housing/user-service/internal/user.(*service).Create()"
time="2024-08-10T13:58:00+05:00" level=info msg="GET USER" func="handler.go:35" file="github.com/senizdegen/sdu-housing/user-service/internal/user.(*Handler).GetUser()"
time="2024-08-10T13:58:00+05:00" level=debug msg="get uuid from context" func="handler.go:38" file="github.com/senizdegen/sdu-housing/user-service/internal/user.(*Handler).GetUser()"
time="2024-08-10T13:58:00+05:00" level=debug msg="marshal user" func="handler.go:46" file="github.com/senizdegen/sdu-housing/user-service/internal/user.(*Handler).GetUser()"
time="2024-08-10T14:04:58+05:00" level=info msg="Caught signal interrupt. Shutting down..." func="shutdown.go:17" file="github.com/senizdegen/sdu-housing/user-service/pkg/shutdown.Graceful()"
time="2024-08-10T14:04:58+05:00" level=warning msg="server shutdown" func="main.go:118" file="main.start()"
time="2024-08-10T14:05:01+05:00" level=info msg="logger initialized" func="main.go:29" file="main.main()"
time="2024-08-10T14:05:01+05:00" level=info msg="config initializing" func="main.go:31" file="main.main()"
time="2024-08-10T14:05:01+05:00" level=info msg="read application config" func="config.go:45" file="github.com/senizdegen/sdu-housing/user-service/internal/config.GetConfig.func1()"
time="2024-08-10T14:05:01+05:00" level=info msg="&{0xc0001e0004 {q1w2e3r4t5y6} {port localhost 10001} {localhost 27017 senizdegen akberdiev32 sdu-housing sdu-housing users}}" func="main.go:33" file="main.main()"
time="2024-08-10T14:05:01+05:00" level=info msg="router initializing" func="main.go:35" file="main.main()"
time="2024-08-10T14:05:01+05:00" level=info msg="cache initializing" func="main.go:54" file="main.main()"
time="2024-08-10T14:05:01+05:00" level=info msg="start application" func="main.go:71" file="main.main()"
time="2024-08-10T14:05:01+05:00" level=info msg="bind application to host: localhost and port: 10001" func="main.go:94" file="main.start()"
time="2024-08-10T14:05:01+05:00" level=info msg="application initialized and started" func="main.go:113" file="main.start()"
time="2024-08-10T14:05:10+05:00" level=info msg="CREATE USER" func="handler.go:91" file="github.com/senizdegen/sdu-housing/user-service/internal/user.(*Handler).CreateUser()"
time="2024-08-10T14:05:10+05:00" level=debug msg="decode create user dto" func="handler.go:94" file="github.com/senizdegen/sdu-housing/user-service/internal/user.(*Handler).CreateUser()"
time="2024-08-10T14:05:10+05:00" level=debug msg="check password and repeated password" func="service.go:94" file="github.com/senizdegen/sdu-housing/user-service/internal/user.(*service).Create()"
time="2024-08-10T14:05:10+05:00" level=debug msg="generate password hash" func="service.go:101" file="github.com/senizdegen/sdu-housing/user-service/internal/user.(*service).Create()"
time="2024-08-10T14:05:10+05:00" level=info msg="GET USER" func="handler.go:35" file="github.com/senizdegen/sdu-housing/user-service/internal/user.(*Handler).GetUser()"
time="2024-08-10T14:05:10+05:00" level=debug msg="get uuid from context" func="handler.go:38" file="github.com/senizdegen/sdu-housing/user-service/internal/user.(*Handler).GetUser()"
time="2024-08-10T14:05:10+05:00" level=debug msg="marshal user" func="handler.go:46" file="github.com/senizdegen/sdu-housing/user-service/internal/user.(*Handler).GetUser()"
time="2024-08-10T14:06:58+05:00" level=info msg="CREATE USER" func="handler.go:91" file="github.com/senizdegen/sdu-housing/user-service/internal/user.(*Handler).CreateUser()"
time="2024-08-10T14:06:58+05:00" level=debug msg="decode create user dto" func="handler.go:94" file="github.com/senizdegen/sdu-housing/user-service/internal/user.(*Handler).CreateUser()"
time="2024-08-10T14:06:58+05:00" level=debug msg="check password and repeated password" func="service.go:94" file="github.com/senizdegen/sdu-housing/user-service/internal/user.(*service).Create()"
time="2024-08-10T14:06:58+05:00" level=debug msg="generate password hash" func="service.go:101" file="github.com/senizdegen/sdu-housing/user-service/internal/user.(*service).Create()"
time="2024-08-10T14:06:58+05:00" level=info msg="GET USER" func="handler.go:35" file="github.com/senizdegen/sdu-housing/user-service/internal/user.(*Handler).GetUser()"
time="2024-08-10T14:06:58+05:00" level=debug msg="get uuid from context" func="handler.go:38" file="github.com/senizdegen/sdu-housing/user-service/internal/user.(*Handler).GetUser()"
time="2024-08-10T14:06:58+05:00" level=debug msg="marshal user" func="handler.go:46" file="github.com/senizdegen/sdu-housing/user-service/internal/user.(*Handler).GetUser()"
time="2024-08-10T14:07:29+05:00" level=info msg="Caught signal interrupt. Shutting down..." func="shutdown.go:17" file="github.com/senizdegen/sdu-housing/user-service/pkg/shutdown.Graceful()"
time="2024-08-10T14:07:29+05:00" level=warning msg="server shutdown" func="main.go:118" file="main.start()"
time="2024-08-11T14:20:46+05:00" level=info msg="logger initialized" func="main.go:29" file="main.main()"
time="2024-08-11T14:20:46+05:00" level=info msg="config initializing" func="main.go:31" file="main.main()"
time="2024-08-11T14:20:46+05:00" level=info msg="read application config" func="config.go:45" file="github.com/senizdegen/sdu-housing/user-service/internal/config.GetConfig.func1()"
time="2024-08-11T14:20:46+05:00" level=info msg="&{0xc0001b4044 {q1w2e3r4t5y6} {port localhost 10001} {localhost 27017 senizdegen akberdiev32 sh-users sh-users users}}" func="main.go:33" file="main.main()"
time="2024-08-11T14:20:46+05:00" level=info msg="router initializing" func="main.go:35" file="main.main()"
time="2024-08-11T14:20:46+05:00" level=info msg="cache initializing" func="main.go:54" file="main.main()"
time="2024-08-11T14:20:46+05:00" level=info msg="start application" func="main.go:71" file="main.main()"
time="2024-08-11T14:20:46+05:00" level=info msg="bind application to host: localhost and port: 10001" func="main.go:94" file="main.start()"
time="2024-08-11T14:20:46+05:00" level=info msg="application initialized and started" func="main.go:113" file="main.start()"
time="2024-08-11T14:20:50+05:00" level=info msg="CREATE USER" func="handler.go:91" file="github.com/senizdegen/sdu-housing/user-service/internal/user.(*Handler).CreateUser()"
time="2024-08-11T14:20:50+05:00" level=debug msg="decode create user dto" func="handler.go:94" file="github.com/senizdegen/sdu-housing/user-service/internal/user.(*Handler).CreateUser()"
time="2024-08-11T14:20:50+05:00" level=debug msg="check password and repeated password" func="service.go:94" file="github.com/senizdegen/sdu-housing/user-service/internal/user.(*service).Create()"
time="2024-08-11T14:20:50+05:00" level=debug msg="generate password hash" func="service.go:101" file="github.com/senizdegen/sdu-housing/user-service/internal/user.(*service).Create()"
time="2024-08-11T14:20:50+05:00" level=info msg="GET USER" func="handler.go:35" file="github.com/senizdegen/sdu-housing/user-service/internal/user.(*Handler).GetUser()"
time="2024-08-11T14:20:50+05:00" level=debug msg="get uuid from context" func="handler.go:38" file="github.com/senizdegen/sdu-housing/user-service/internal/user.(*Handler).GetUser()"
time="2024-08-11T14:20:50+05:00" level=debug msg="marshal user" func="handler.go:46" file="github.com/senizdegen/sdu-housing/user-service/internal/user.(*Handler).GetUser()"
time="2024-08-11T14:21:08+05:00" level=info msg="GET USER BY PHONE NUMBER AND PASSWORD" func="handler.go:60" file="github.com/senizdegen/sdu-housing/user-service/internal/user.(*Handler).GetUserByPhoneNumberAndPassword()"
time="2024-08-11T14:21:08+05:00" level=debug msg="get phone number and password from URL" func="handler.go:63" file="github.com/senizdegen/sdu-housing/user-service/internal/user.(*Handler).GetUserByPhoneNumberAndPassword()"
time="2024-08-11T14:21:08+05:00" level=debug msg="phone number: 87781734309 password: qwertyuiop" func="handler.go:70" file="github.com/senizdegen/sdu-housing/user-service/internal/user.(*Handler).GetUserByPhoneNumberAndPassword()"
time="2024-08-11T14:21:08+05:00" level=info msg="Generate jwt token" func="service.go:82" file="github.com/senizdegen/sdu-housing/user-service/internal/user.service.GetByPhoneNumberAndPassword()"
time="2024-08-11T14:21:08+05:00" level=info msg="create refresh token" func="service.go:141" file="github.com/senizdegen/sdu-housing/user-service/internal/user.(*service).GenerateAccessToken()"
time="2024-08-11T14:21:08+05:00" level=debug msg="marshal user" func="handler.go:77" file="github.com/senizdegen/sdu-housing/user-service/internal/user.(*Handler).GetUserByPhoneNumberAndPassword()"
time="2024-08-11T14:21:14+05:00" level=info msg="Caught signal interrupt. Shutting down..." func="shutdown.go:17" file="github.com/senizdegen/sdu-housing/user-service/pkg/shutdown.Graceful()"
time="2024-08-11T14:21:14+05:00" level=warning msg="server shutdown" func="main.go:118" file="main.start()"
time="2024-08-29T10:51:02+05:00" level=info msg="logger initialized" func="main.go:29" file="main.main()"
time="2024-08-29T10:51:02+05:00" level=info msg="config initializing" func="main.go:31" file="main.main()"
time="2024-08-29T10:51:02+05:00" level=info msg="read application config" func="config.go:45" file="github.com/senizdegen/sdu-housing/user-service/internal/config.GetConfig.func1()"
time="2024-08-29T10:51:02+05:00" level=info msg="&{0xc000134044 {q1w2e3r4t5y6} {port localhost 10001} {localhost 27017 senizdegen akberdiev32 sh-users sh-users users}}" func="main.go:33" file="main.main()"
time="2024-08-29T10:51:02+05:00" level=info msg="router initializing" func="main.go:35" file="main.main()"
time="2024-08-29T10:51:02+05:00" level=info msg="cache initializing" func="main.go:54" file="main.main()"
time="2024-08-29T10:51:02+05:00" level=info msg="start application" func="main.go:71" file="main.main()"
time="2024-08-29T10:51:02+05:00" level=info msg="bind application to host: localhost and port: 10001" func="main.go:94" file="main.start()"
time="2024-08-29T10:51:02+05:00" level=info msg="application initialized and started" func="main.go:113" file="main.start()"
time="2024-08-29T10:51:07+05:00" level=info msg="Caught signal interrupt. Shutting down..." func="shutdown.go:17" file="github.com/senizdegen/sdu-housing/user-service/pkg/shutdown.Graceful()"
time="2024-08-29T10:51:07+05:00" level=warning msg="server shutdown" func="main.go:118" file="main.start()"
time="2024-09-04T14:13:42+05:00" level=info msg="logger initialized" func="main.go:29" file="main.main()"
time="2024-09-04T14:13:42+05:00" level=info msg="config initializing" func="main.go:31" file="main.main()"
time="2024-09-04T14:13:42+05:00" level=info msg="read application config" func="config.go:45" file="github.com/senizdegen/sdu-housing/user-service/internal/config.GetConfig.func1()"
time="2024-09-04T14:13:42+05:00" level=info msg="&{0xc0001b4064 {q1w2e3r4t5y6} {port localhost 10001} {localhost 27017 senizdegen akberdiev32 sh-users sh-users users}}" func="main.go:33" file="main.main()"
time="2024-09-04T14:13:42+05:00" level=info msg="router initializing" func="main.go:35" file="main.main()"
time="2024-09-04T14:13:42+05:00" level=info msg="cache initializing" func="main.go:54" file="main.main()"
time="2024-09-04T14:13:42+05:00" level=info msg="start application" func="main.go:71" file="main.main()"
time="2024-09-04T14:13:42+05:00" level=info msg="bind application to host: localhost and port: 10001" func="main.go:94" file="main.start()"
time="2024-09-04T14:13:42+05:00" level=info msg="application initialized and started" func="main.go:113" file="main.start()"
time="2024-09-04T14:16:44+05:00" level=info msg="CREATE USER" func="handler.go:91" file="github.com/senizdegen/sdu-housing/user-service/internal/user.(*Handler).CreateUser()"
time="2024-09-04T14:16:44+05:00" level=debug msg="decode create user dto" func="handler.go:94" file="github.com/senizdegen/sdu-housing/user-service/internal/user.(*Handler).CreateUser()"
time="2024-09-04T14:16:44+05:00" level=debug msg="check password and repeated password" func="service.go:94" file="github.com/senizdegen/sdu-housing/user-service/internal/user.(*service).Create()"
time="2024-09-04T14:16:44+05:00" level=debug msg="generate password hash" func="service.go:101" file="github.com/senizdegen/sdu-housing/user-service/internal/user.(*service).Create()"
time="2024-09-04T14:16:44+05:00" level=info msg="GET USER" func="handler.go:35" file="github.com/senizdegen/sdu-housing/user-service/internal/user.(*Handler).GetUser()"
time="2024-09-04T14:16:44+05:00" level=debug msg="get uuid from context" func="handler.go:38" file="github.com/senizdegen/sdu-housing/user-service/internal/user.(*Handler).GetUser()"
time="2024-09-04T14:16:44+05:00" level=debug msg="marshal user" func="handler.go:46" file="github.com/senizdegen/sdu-housing/user-service/internal/user.(*Handler).GetUser()"
time="2024-09-04T14:18:17+05:00" level=info msg="CREATE USER" func="handler.go:91" file="github.com/senizdegen/sdu-housing/user-service/internal/user.(*Handler).CreateUser()"
time="2024-09-04T14:18:17+05:00" level=debug msg="decode create user dto" func="handler.go:94" file="github.com/senizdegen/sdu-housing/user-service/internal/user.(*Handler).CreateUser()"
time="2024-09-04T14:18:17+05:00" level=debug msg="check password and repeated password" func="service.go:94" file="github.com/senizdegen/sdu-housing/user-service/internal/user.(*service).Create()"
time="2024-09-04T14:18:17+05:00" level=debug msg="generate password hash" func="service.go:101" file="github.com/senizdegen/sdu-housing/user-service/internal/user.(*service).Create()"
time="2024-09-04T14:18:17+05:00" level=info msg="GET USER" func="handler.go:35" file="github.com/senizdegen/sdu-housing/user-service/internal/user.(*Handler).GetUser()"
time="2024-09-04T14:18:17+05:00" level=debug msg="get uuid from context" func="handler.go:38" file="github.com/senizdegen/sdu-housing/user-service/internal/user.(*Handler).GetUser()"
time="2024-09-04T14:18:17+05:00" level=debug msg="marshal user" func="handler.go:46" file="github.com/senizdegen/sdu-housing/user-service/internal/user.(*Handler).GetUser()"
time="2024-09-04T14:18:47+05:00" level=info msg="GET USER BY PHONE NUMBER AND PASSWORD" func="handler.go:60" file="github.com/senizdegen/sdu-housing/user-service/internal/user.(*Handler).GetUserByPhoneNumberAndPassword()"
time="2024-09-04T14:18:47+05:00" level=debug msg="get phone number and password from URL" func="handler.go:63" file="github.com/senizdegen/sdu-housing/user-service/internal/user.(*Handler).GetUserByPhoneNumberAndPassword()"
time="2024-09-04T14:18:47+05:00" level=debug msg="phone number: 8778 password: qwerty" func="handler.go:70" file="github.com/senizdegen/sdu-housing/user-service/internal/user.(*Handler).GetUserByPhoneNumberAndPassword()"
time="2024-09-04T14:18:47+05:00" level=info msg="Generate jwt token" func="service.go:82" file="github.com/senizdegen/sdu-housing/user-service/internal/user.service.GetByPhoneNumberAndPassword()"
time="2024-09-04T14:18:47+05:00" level=info msg="create refresh token" func="service.go:141" file="github.com/senizdegen/sdu-housing/user-service/internal/user.(*service).GenerateAccessToken()"
time="2024-09-04T14:18:47+05:00" level=debug msg="marshal user" func="handler.go:77" file="github.com/senizdegen/sdu-housing/user-service/internal/user.(*Handler).GetUserByPhoneNumberAndPassword()"
time="2024-09-04T14:31:17+05:00" level=info msg="GET USER BY PHONE NUMBER AND PASSWORD" func="handler.go:60" file="github.com/senizdegen/sdu-housing/user-service/internal/user.(*Handler).GetUserByPhoneNumberAndPassword()"
time="2024-09-04T14:31:17+05:00" level=debug msg="get phone number and password from URL" func="handler.go:63" file="github.com/senizdegen/sdu-housing/user-service/internal/user.(*Handler).GetUserByPhoneNumberAndPassword()"
time="2024-09-04T14:31:17+05:00" level=debug msg="phone number: 8778 password: qwerty" func="handler.go:70" file="github.com/senizdegen/sdu-housing/user-service/internal/user.(*Handler).GetUserByPhoneNumberAndPassword()"
time="2024-09-04T14:31:17+05:00" level=info msg="Generate jwt token" func="service.go:82" file="github.com/senizdegen/sdu-housing/user-service/internal/user.service.GetByPhoneNumberAndPassword()"
time="2024-09-04T14:31:17+05:00" level=info msg="create refresh token" func="service.go:141" file="github.com/senizdegen/sdu-housing/user-service/internal/user.(*service).GenerateAccessToken()"
time="2024-09-04T14:31:17+05:00" level=debug msg="marshal user" func="handler.go:77" file="github.com/senizdegen/sdu-housing/user-service/internal/user.(*Handler).GetUserByPhoneNumberAndPassword()"
time="2024-09-04T14:31:34+05:00" level=info msg="GET USER BY PHONE NUMBER AND PASSWORD" func="handler.go:60" file="github.com/senizdegen/sdu-housing/user-service/internal/user.(*Handler).GetUserByPhoneNumberAndPassword()"
time="2024-09-04T14:31:34+05:00" level=debug msg="get phone number and password from URL" func="handler.go:63" file="github.com/senizdegen/sdu-housing/user-service/internal/user.(*Handler).GetUserByPhoneNumberAndPassword()"
time="2024-09-04T14:31:34+05:00" level=debug msg="phone number: 8778 password: qwerty" func="handler.go:70" file="github.com/senizdegen/sdu-housing/user-service/internal/user.(*Handler).GetUserByPhoneNumberAndPassword()"
time="2024-09-04T14:31:34+05:00" level=info msg="Generate jwt token" func="service.go:82" file="github.com/senizdegen/sdu-housing/user-service/internal/user.service.GetByPhoneNumberAndPassword()"
time="2024-09-04T14:31:34+05:00" level=info msg="create refresh token" func="service.go:141" file="github.com/senizdegen/sdu-housing/user-service/internal/user.(*service).GenerateAccessToken()"
time="2024-09-04T14:31:34+05:00" level=debug msg="marshal user" func="handler.go:77" file="github.com/senizdegen/sdu-housing/user-service/internal/user.(*Handler).GetUserByPhoneNumberAndPassword()"
time="2024-09-04T14:34:30+05:00" level=info msg="Caught signal interrupt. Shutting down..." func="shutdown.go:17" file="github.com/senizdegen/sdu-housing/user-service/pkg/shutdown.Graceful()"
time="2024-09-04T14:34:30+05:00" level=warning msg="server shutdown" func="main.go:118" file="main.start()"
time="2024-09-05T15:50:04+05:00" level=info msg="logger initialized" func="main.go:29" file="main.main()"
time="2024-09-05T15:50:04+05:00" level=info msg="config initializing" func="main.go:31" file="main.main()"
time="2024-09-05T15:50:04+05:00" level=info msg="read application config" func="config.go:45" file="github.com/senizdegen/sdu-housing/user-service/internal/config.GetConfig.func1()"
time="2024-09-05T15:50:04+05:00" level=info msg="&{0xc000114464 {q1w2e3r4t5y6} {port localhost 10001} {localhost 27017 senizdegen akberdiev32 sh-users sh-users users}}" func="main.go:33" file="main.main()"
time="2024-09-05T15:50:04+05:00" level=info msg="router initializing" func="main.go:35" file="main.main()"
time="2024-09-05T15:50:04+05:00" level=info msg="cache initializing" func="main.go:54" file="main.main()"
time="2024-09-05T15:50:04+05:00" level=info msg="start application" func="main.go:71" file="main.main()"
time="2024-09-05T15:50:04+05:00" level=info msg="bind application to host: localhost and port: 10001" func="main.go:94" file="main.start()"
time="2024-09-05T15:50:04+05:00" level=info msg="application initialized and started" func="main.go:113" file="main.start()"
time="2024-09-05T15:50:51+05:00" level=info msg="GET USER BY PHONE NUMBER AND PASSWORD" func="handler.go:60" file="github.com/senizdegen/sdu-housing/user-service/internal/user.(*Handler).GetUserByPhoneNumberAndPassword()"
time="2024-09-05T15:50:51+05:00" level=debug msg="get phone number and password from URL" func="handler.go:63" file="github.com/senizdegen/sdu-housing/user-service/internal/user.(*Handler).GetUserByPhoneNumberAndPassword()"
time="2024-09-05T15:50:51+05:00" level=debug msg="phone number: 8778 password: qwerty" func="handler.go:70" file="github.com/senizdegen/sdu-housing/user-service/internal/user.(*Handler).GetUserByPhoneNumberAndPassword()"
time="2024-09-05T15:50:51+05:00" level=info msg="Generate jwt token" func="service.go:82" file="github.com/senizdegen/sdu-housing/user-service/internal/user.service.GetByPhoneNumberAndPassword()"
time="2024-09-05T15:50:51+05:00" level=info msg="create refresh token" func="service.go:141" file="github.com/senizdegen/sdu-housing/user-service/internal/user.(*service).GenerateAccessToken()"
time="2024-09-05T15:50:51+05:00" level=debug msg="marshal user" func="handler.go:77" file="github.com/senizdegen/sdu-housing/user-service/internal/user.(*Handler).GetUserByPhoneNumberAndPassword()"
time="2024-09-05T15:53:06+05:00" level=info msg="CREATE USER" func="handler.go:91" file="github.com/senizdegen/sdu-housing/user-service/internal/user.(*Handler).CreateUser()"
time="2024-09-05T15:53:06+05:00" level=debug msg="decode create user dto" func="handler.go:94" file="github.com/senizdegen/sdu-housing/user-service/internal/user.(*Handler).CreateUser()"
time="2024-09-05T15:53:06+05:00" level=debug msg="check password and repeated password" func="service.go:94" file="github.com/senizdegen/sdu-housing/user-service/internal/user.(*service).Create()"
time="2024-09-05T15:53:06+05:00" level=debug msg="generate password hash" func="service.go:101" file="github.com/senizdegen/sdu-housing/user-service/internal/user.(*service).Create()"
time="2024-09-05T15:53:06+05:00" level=info msg="GET USER" func="handler.go:35" file="github.com/senizdegen/sdu-housing/user-service/internal/user.(*Handler).GetUser()"
time="2024-09-05T15:53:06+05:00" level=debug msg="get uuid from context" func="handler.go:38" file="github.com/senizdegen/sdu-housing/user-service/internal/user.(*Handler).GetUser()"
time="2024-09-05T15:53:06+05:00" level=debug msg="marshal user" func="handler.go:46" file="github.com/senizdegen/sdu-housing/user-service/internal/user.(*Handler).GetUser()"
time="2024-09-05T15:53:12+05:00" level=info msg="GET USER BY PHONE NUMBER AND PASSWORD" func="handler.go:60" file="github.com/senizdegen/sdu-housing/user-service/internal/user.(*Handler).GetUserByPhoneNumberAndPassword()"
time="2024-09-05T15:53:12+05:00" level=debug msg="get phone number and password from URL" func="handler.go:63" file="github.com/senizdegen/sdu-housing/user-service/internal/user.(*Handler).GetUserByPhoneNumberAndPassword()"
time="2024-09-05T15:53:12+05:00" level=debug msg="phone number: 8778 password: qwertyuiop" func="handler.go:70" file="github.com/senizdegen/sdu-housing/user-service/internal/user.(*Handler).GetUserByPhoneNumberAndPassword()"
time="2024-09-05T15:53:36+05:00" level=info msg="GET USER BY PHONE NUMBER AND PASSWORD" func="handler.go:60" file="github.com/senizdegen/sdu-housing/user-service/internal/user.(*Handler).GetUserByPhoneNumberAndPassword()"
time="2024-09-05T15:53:36+05:00" level=debug msg="get phone number and password from URL" func="handler.go:63" file="github.com/senizdegen/sdu-housing/user-service/internal/user.(*Handler).GetUserByPhoneNumberAndPassword()"
time="2024-09-05T15:53:36+05:00" level=debug msg="phone number: 8778 password: qwertyuiop" func="handler.go:70" file="github.com/senizdegen/sdu-housing/user-service/internal/user.(*Handler).GetUserByPhoneNumberAndPassword()"
time="2024-09-05T15:55:18+05:00" level=info msg="GET USER BY PHONE NUMBER AND PASSWORD" func="handler.go:60" file="github.com/senizdegen/sdu-housing/user-service/internal/user.(*Handler).GetUserByPhoneNumberAndPassword()"
time="2024-09-05T15:55:18+05:00" level=debug msg="get phone number and password from URL" func="handler.go:63" file="github.com/senizdegen/sdu-housing/user-service/internal/user.(*Handler).GetUserByPhoneNumberAndPassword()"
time="2024-09-05T15:55:25+05:00" level=info msg="GET USER BY PHONE NUMBER AND PASSWORD" func="handler.go:60" file="github.com/senizdegen/sdu-housing/user-service/internal/user.(*Handler).GetUserByPhoneNumberAndPassword()"
time="2024-09-05T15:55:25+05:00" level=debug msg="get phone number and password from URL" func="handler.go:63" file="github.com/senizdegen/sdu-housing/user-service/internal/user.(*Handler).GetUserByPhoneNumberAndPassword()"
time="2024-09-05T15:55:25+05:00" level=debug msg="phone number: 8778 password: qwertyuiop" func="handler.go:70" file="github.com/senizdegen/sdu-housing/user-service/internal/user.(*Handler).GetUserByPhoneNumberAndPassword()"
time="2024-09-05T15:55:58+05:00" level=info msg="Caught signal interrupt. Shutting down..." func="shutdown.go:17" file="github.com/senizdegen/sdu-housing/user-service/pkg/shutdown.Graceful()"
time="2024-09-05T15:55:58+05:00" level=warning msg="server shutdown" func="main.go:118" file="main.start()"
time="2024-09-05T15:56:00+05:00" level=info msg="logger initialized" func="main.go:29" file="main.main()"
time="2024-09-05T15:56:00+05:00" level=info msg="config initializing" func="main.go:31" file="main.main()"
time="2024-09-05T15:56:00+05:00" level=info msg="read application config" func="config.go:45" file="github.com/senizdegen/sdu-housing/user-service/internal/config.GetConfig.func1()"
time="2024-09-05T15:56:00+05:00" level=info msg="&{0xc000262004 {q1w2e3r4t5y6} {port localhost 10001} {localhost 27017 senizdegen akberdiev32 sh-users sh-users users}}" func="main.go:33" file="main.main()"
time="2024-09-05T15:56:00+05:00" level=info msg="router initializing" func="main.go:35" file="main.main()"
time="2024-09-05T15:56:00+05:00" level=info msg="cache initializing" func="main.go:54" file="main.main()"
time="2024-09-05T15:56:00+05:00" level=info msg="start application" func="main.go:71" file="main.main()"
time="2024-09-05T15:56:00+05:00" level=info msg="bind application to host: localhost and port: 10001" func="main.go:94" file="main.start()"
time="2024-09-05T15:56:00+05:00" level=info msg="application initialized and started" func="main.go:113" file="main.start()"
time="2024-09-05T15:56:02+05:00" level=info msg="GET USER BY PHONE NUMBER AND PASSWORD" func="handler.go:60" file="github.com/senizdegen/sdu-housing/user-service/internal/user.(*Handler).GetUserByPhoneNumberAndPassword()"
time="2024-09-05T15:56:02+05:00" level=debug msg="get phone number and password from URL" func="handler.go:63" file="github.com/senizdegen/sdu-housing/user-service/internal/user.(*Handler).GetUserByPhoneNumberAndPassword()"
time="2024-09-05T15:56:02+05:00" level=debug msg="phone number: 8778 password: qwertyuiop" func="handler.go:70" file="github.com/senizdegen/sdu-housing/user-service/internal/user.(*Handler).GetUserByPhoneNumberAndPassword()"
time="2024-09-05T16:08:31+05:00" level=info msg="Caught signal terminated. Shutting down..." func="shutdown.go:17" file="github.com/senizdegen/sdu-housing/user-service/pkg/shutdown.Graceful()"
time="2024-09-06T13:30:26+05:00" level=info msg="logger initialized" func="main.go:29" file="main.main()"
time="2024-09-06T13:30:26+05:00" level=info msg="config initializing" func="main.go:31" file="main.main()"
time="2024-09-06T13:30:26+05:00" level=info msg="read application config" func="config.go:45" file="github.com/senizdegen/sdu-housing/user-service/internal/config.GetConfig.func1()"
time="2024-09-06T13:30:26+05:00" level=info msg="&{0xc0001b6044 {q1w2e3r4t5y6} {port localhost 10001} {localhost 27017 senizdegen akberdiev32 sh-users sh-users users}}" func="main.go:33" file="main.main()"
time="2024-09-06T13:30:26+05:00" level=info msg="router initializing" func="main.go:35" file="main.main()"
time="2024-09-06T13:30:26+05:00" level=info msg="cache initializing" func="main.go:54" file="main.main()"
time="2024-09-06T13:30:26+05:00" level=info msg="start application" func="main.go:71" file="main.main()"
time="2024-09-06T13:30:26+05:00" level=info msg="bind application to host: localhost and port: 10001" func="main.go:94" file="main.start()"
time="2024-09-06T13:30:26+05:00" level=info msg="application initialized and started" func="main.go:113" file="main.start()"
time="2024-09-06T13:31:24+05:00" level=info msg="CREATE USER" func="handler.go:91" file="github.com/senizdegen/sdu-housing/user-service/internal/user.(*Handler).CreateUser()"
time="2024-09-06T13:31:24+05:00" level=debug msg="decode create user dto" func="handler.go:94" file="github.com/senizdegen/sdu-housing/user-service/internal/user.(*Handler).CreateUser()"
time="2024-09-06T13:31:24+05:00" level=debug msg="check password and repeated password" func="service.go:94" file="github.com/senizdegen/sdu-housing/user-service/internal/user.(*service).Create()"
time="2024-09-06T13:31:24+05:00" level=debug msg="generate password hash" func="service.go:101" file="github.com/senizdegen/sdu-housing/user-service/internal/user.(*service).Create()"
time="2024-09-06T13:31:24+05:00" level=info msg="GET USER" func="handler.go:35" file="github.com/senizdegen/sdu-housing/user-service/internal/user.(*Handler).GetUser()"
time="2024-09-06T13:31:24+05:00" level=debug msg="get uuid from context" func="handler.go:38" file="github.com/senizdegen/sdu-housing/user-service/internal/user.(*Handler).GetUser()"
time="2024-09-06T13:31:24+05:00" level=debug msg="marshal user" func="handler.go:46" file="github.com/senizdegen/sdu-housing/user-service/internal/user.(*Handler).GetUser()"
time="2024-09-06T13:31:28+05:00" level=info msg="GET USER BY PHONE NUMBER AND PASSWORD" func="handler.go:60" file="github.com/senizdegen/sdu-housing/user-service/internal/user.(*Handler).GetUserByPhoneNumberAndPassword()"
time="2024-09-06T13:31:28+05:00" level=debug msg="get phone number and password from URL" func="handler.go:63" file="github.com/senizdegen/sdu-housing/user-service/internal/user.(*Handler).GetUserByPhoneNumberAndPassword()"
time="2024-09-06T13:31:28+05:00" level=debug msg="phone number: 8778 password: qwertyuiop" func="handler.go:70" file="github.com/senizdegen/sdu-housing/user-service/internal/user.(*Handler).GetUserByPhoneNumberAndPassword()"
time="2024-09-06T13:31:28+05:00" level=debug msg="FIND BY PHONE NUMBER" func="mongo.go:58" file="github.com/senizdegen/sdu-housing/user-service/internal/user/db.(*db).FindByPhoneNumber()"
time="2024-09-06T13:31:28+05:00" level=trace msg="&{0xc00011c540 <nil> 0xc00008a3c0 [] <nil> 0xc0000a5880}" func="mongo.go:65" file="github.com/senizdegen/sdu-housing/user-service/internal/user/db.(*db).FindByPhoneNumber()"
time="2024-09-06T13:31:28+05:00" level=info msg="Generate jwt token" func="service.go:82" file="github.com/senizdegen/sdu-housing/user-service/internal/user.service.GetByPhoneNumberAndPassword()"
time="2024-09-06T13:31:28+05:00" level=info msg="create refresh token" func="service.go:141" file="github.com/senizdegen/sdu-housing/user-service/internal/user.(*service).GenerateAccessToken()"
time="2024-09-06T13:31:28+05:00" level=debug msg="marshal user" func="handler.go:77" file="github.com/senizdegen/sdu-housing/user-service/internal/user.(*Handler).GetUserByPhoneNumberAndPassword()"
time="2024-09-06T13:32:27+05:00" level=info msg="Caught signal interrupt. Shutting down..." func="shutdown.go:17" file="github.com/senizdegen/sdu-housing/user-service/pkg/shutdown.Graceful()"
time="2024-09-06T13:32:27+05:00" level=warning msg="server shutdown" func="main.go:118" file="main.start()"
time="2024-09-06T14:19:42+05:00" level=info msg="logger initialized" func="main.go:29" file="main.main()"
time="2024-09-06T14:19:42+05:00" level=info msg="config initializing" func="main.go:31" file="main.main()"
time="2024-09-06T14:19:42+05:00" level=info msg="read application config" func="config.go:45" file="github.com/senizdegen/sdu-housing/user-service/internal/config.GetConfig.func1()"
time="2024-09-06T14:19:42+05:00" level=info msg="&{0xc000192264 {q1w2e3r4t5y6} {port localhost 10001} {localhost 27017 senizdegen akberdiev32 sh-users sh-users users}}" func="main.go:33" file="main.main()"
time="2024-09-06T14:19:42+05:00" level=info msg="router initializing" func="main.go:35" file="main.main()"
time="2024-09-06T14:19:42+05:00" level=info msg="cache initializing" func="main.go:54" file="main.main()"
time="2024-09-06T14:19:42+05:00" level=info msg="start application" func="main.go:71" file="main.main()"
time="2024-09-06T14:19:42+05:00" level=info msg="bind application to host: localhost and port: 10001" func="main.go:94" file="main.start()"
time="2024-09-06T14:19:42+05:00" level=info msg="application initialized and started" func="main.go:113" file="main.start()"
time="2024-09-06T14:19:58+05:00" level=info msg="GET USER BY PHONE NUMBER AND PASSWORD" func="handler.go:60" file="github.com/senizdegen/sdu-housing/user-service/internal/user.(*Handler).GetUserByPhoneNumberAndPassword()"
time="2024-09-06T14:19:58+05:00" level=debug msg="get phone number and password from URL" func="handler.go:63" file="github.com/senizdegen/sdu-housing/user-service/internal/user.(*Handler).GetUserByPhoneNumberAndPassword()"
time="2024-09-06T14:19:58+05:00" level=debug msg="phone number: 8778 password: qwertyuiop" func="handler.go:70" file="github.com/senizdegen/sdu-housing/user-service/internal/user.(*Handler).GetUserByPhoneNumberAndPassword()"
time="2024-09-06T14:19:58+05:00" level=debug msg="FIND BY PHONE NUMBER" func="mongo.go:58" file="github.com/senizdegen/sdu-housing/user-service/internal/user/db.(*db).FindByPhoneNumber()"
time="2024-09-06T14:19:58+05:00" level=trace msg="&{0xc0000fa1c0 <nil> 0xc0001d0480 [] <nil> 0xc0000a5880}" func="mongo.go:65" file="github.com/senizdegen/sdu-housing/user-service/internal/user/db.(*db).FindByPhoneNumber()"
time="2024-09-06T14:20:10+05:00" level=info msg="CREATE USER" func="handler.go:91" file="github.com/senizdegen/sdu-housing/user-service/internal/user.(*Handler).CreateUser()"
time="2024-09-06T14:20:10+05:00" level=debug msg="decode create user dto" func="handler.go:94" file="github.com/senizdegen/sdu-housing/user-service/internal/user.(*Handler).CreateUser()"
time="2024-09-06T14:20:10+05:00" level=debug msg="check password and repeated password" func="service.go:94" file="github.com/senizdegen/sdu-housing/user-service/internal/user.(*service).Create()"
time="2024-09-06T14:20:10+05:00" level=debug msg="generate password hash" func="service.go:101" file="github.com/senizdegen/sdu-housing/user-service/internal/user.(*service).Create()"
time="2024-09-06T14:20:10+05:00" level=info msg="GET USER" func="handler.go:35" file="github.com/senizdegen/sdu-housing/user-service/internal/user.(*Handler).GetUser()"
time="2024-09-06T14:20:10+05:00" level=debug msg="get uuid from context" func="handler.go:38" file="github.com/senizdegen/sdu-housing/user-service/internal/user.(*Handler).GetUser()"
time="2024-09-06T14:20:10+05:00" level=debug msg="marshal user" func="handler.go:46" file="github.com/senizdegen/sdu-housing/user-service/internal/user.(*Handler).GetUser()"
time="2024-09-06T14:20:19+05:00" level=info msg="GET USER BY PHONE NUMBER AND PASSWORD" func="handler.go:60" file="github.com/senizdegen/sdu-housing/user-service/internal/user.(*Handler).GetUserByPhoneNumberAndPassword()"
time="2024-09-06T14:20:19+05:00" level=debug msg="get phone number and password from URL" func="handler.go:63" file="github.com/senizdegen/sdu-housing/user-service/internal/user.(*Handler).GetUserByPhoneNumberAndPassword()"
time="2024-09-06T14:20:19+05:00" level=debug msg="phone number: 8778 password: qwertyuiop" func="handler.go:70" file="github.com/senizdegen/sdu-housing/user-service/internal/user.(*Handler).GetUserByPhoneNumberAndPassword()"
time="2024-09-06T14:20:19+05:00" level=debug msg="FIND BY PHONE NUMBER" func="mongo.go:58" file="github.com/senizdegen/sdu-housing/user-service/internal/user/db.(*db).FindByPhoneNumber()"
time="2024-09-06T14:20:19+05:00" level=trace msg="&{0xc0000fa930 <nil> 0xc0002985a0 [] <nil> 0xc0000a5880}" func="mongo.go:65" file="github.com/senizdegen/sdu-housing/user-service/internal/user/db.(*db).FindByPhoneNumber()"
time="2024-09-06T14:20:19+05:00" level=info msg="Generate jwt token" func="service.go:82" file="github.com/senizdegen/sdu-housing/user-service/internal/user.service.GetByPhoneNumberAndPassword()"
time="2024-09-06T14:20:19+05:00" level=info msg="create refresh token" func="service.go:141" file="github.com/senizdegen/sdu-housing/user-service/internal/user.(*service).GenerateAccessToken()"
time="2024-09-06T14:20:19+05:00" level=debug msg="marshal user" func="handler.go:77" file="github.com/senizdegen/sdu-housing/user-service/internal/user.(*Handler).GetUserByPhoneNumberAndPassword()"
time="2024-09-06T14:36:33+05:00" level=info msg="Caught signal interrupt. Shutting down..." func="shutdown.go:17" file="github.com/senizdegen/sdu-housing/user-service/pkg/shutdown.Graceful()"
time="2024-09-06T14:36:33+05:00" level=warning msg="server shutdown" func="main.go:118" file="main.start()"
time="2024-09-06T14:36:40+05:00" level=info msg="logger initialized" func="main.go:29" file="main.main()"
time="2024-09-06T14:36:40+05:00" level=info msg="config initializing" func="main.go:31" file="main.main()"
time="2024-09-06T14:36:40+05:00" level=info msg="read application config" func="config.go:45" file="github.com/senizdegen/sdu-housing/user-service/internal/config.GetConfig.func1()"
time="2024-09-06T14:36:40+05:00" level=info msg="&{0xc0001b4044 {q1w2e3r4t5y6} {port localhost 10001} {localhost 27017 senizdegen akberdiev32 sh-users sh-users users}}" func="main.go:33" file="main.main()"
time="2024-09-06T14:36:40+05:00" level=info msg="router initializing" func="main.go:35" file="main.main()"
time="2024-09-06T14:36:40+05:00" level=info msg="cache initializing" func="main.go:54" file="main.main()"
time="2024-09-06T14:36:40+05:00" level=info msg="start application" func="main.go:71" file="main.main()"
time="2024-09-06T14:36:40+05:00" level=info msg="bind application to host: localhost and port: 10001" func="main.go:94" file="main.start()"
time="2024-09-06T14:36:40+05:00" level=info msg="application initialized and started" func="main.go:113" file="main.start()"
time="2024-09-06T14:37:34+05:00" level=info msg="CREATE USER" func="handler.go:91" file="github.com/senizdegen/sdu-housing/user-service/internal/user.(*Handler).CreateUser()"
time="2024-09-06T14:37:34+05:00" level=debug msg="decode create user dto" func="handler.go:94" file="github.com/senizdegen/sdu-housing/user-service/internal/user.(*Handler).CreateUser()"
time="2024-09-06T14:37:34+05:00" level=debug msg="check password and repeated password" func="service.go:94" file="github.com/senizdegen/sdu-housing/user-service/internal/user.(*service).Create()"
time="2024-09-06T14:37:34+05:00" level=debug msg="generate password hash" func="service.go:101" file="github.com/senizdegen/sdu-housing/user-service/internal/user.(*service).Create()"
time="2024-09-06T14:37:34+05:00" level=info msg="Generate jwt token" func="service.go:122" file="github.com/senizdegen/sdu-housing/user-service/internal/user.(*service).Create()"
time="2024-09-06T14:37:34+05:00" level=info msg="create refresh token" func="service.go:154" file="github.com/senizdegen/sdu-housing/user-service/internal/user.(*service).GenerateAccessToken()"
time="2024-09-06T14:37:34+05:00" level=info msg="GET USER" func="handler.go:35" file="github.com/senizdegen/sdu-housing/user-service/internal/user.(*Handler).GetUser()"
time="2024-09-06T14:37:34+05:00" level=debug msg="get uuid from context" func="handler.go:38" file="github.com/senizdegen/sdu-housing/user-service/internal/user.(*Handler).GetUser()"
time="2024-09-06T14:37:34+05:00" level=debug msg="marshal user" func="handler.go:46" file="github.com/senizdegen/sdu-housing/user-service/internal/user.(*Handler).GetUser()"
time="2024-09-06T14:38:50+05:00" level=info msg="Caught signal interrupt. Shutting down..." func="shutdown.go:17" file="github.com/senizdegen/sdu-housing/user-service/pkg/shutdown.Graceful()"
time="2024-09-06T14:38:50+05:00" level=warning msg="server shutdown" func="main.go:118" file="main.start()"
time="2024-09-06T14:38:53+05:00" level=info msg="logger initialized" func="main.go:29" file="main.main()"
time="2024-09-06T14:38:53+05:00" level=info msg="config initializing" func="main.go:31" file="main.main()"
time="2024-09-06T14:38:53+05:00" level=info msg="read application config" func="config.go:45" file="github.com/senizdegen/sdu-housing/user-service/internal/config.GetConfig.func1()"
time="2024-09-06T14:38:53+05:00" level=info msg="&{0xc0001b4044 {q1w2e3r4t5y6} {port localhost 10001} {localhost 27017 senizdegen akberdiev32 sh-users sh-users users}}" func="main.go:33" file="main.main()"
time="2024-09-06T14:38:53+05:00" level=info msg="router initializing" func="main.go:35" file="main.main()"
time="2024-09-06T14:38:53+05:00" level=info msg="cache initializing" func="main.go:54" file="main.main()"
time="2024-09-06T14:38:53+05:00" level=info msg="start application" func="main.go:71" file="main.main()"
time="2024-09-06T14:38:53+05:00" level=info msg="bind application to host: localhost and port: 10001" func="main.go:94" file="main.start()"
time="2024-09-06T14:38:53+05:00" level=info msg="application initialized and started" func="main.go:113" file="main.start()"
time="2024-09-06T14:39:05+05:00" level=info msg="CREATE USER" func="handler.go:91" file="github.com/senizdegen/sdu-housing/user-service/internal/user.(*Handler).CreateUser()"
time="2024-09-06T14:39:05+05:00" level=debug msg="decode create user dto" func="handler.go:94" file="github.com/senizdegen/sdu-housing/user-service/internal/user.(*Handler).CreateUser()"
time="2024-09-06T14:39:05+05:00" level=debug msg="check password and repeated password" func="service.go:94" file="github.com/senizdegen/sdu-housing/user-service/internal/user.(*service).Create()"
time="2024-09-06T14:39:05+05:00" level=debug msg="generate password hash" func="service.go:101" file="github.com/senizdegen/sdu-housing/user-service/internal/user.(*service).Create()"
time="2024-09-06T14:39:05+05:00" level=info msg="Generate jwt token" func="service.go:122" file="github.com/senizdegen/sdu-housing/user-service/internal/user.(*service).Create()"
time="2024-09-06T14:39:05+05:00" level=info msg="create refresh token" func="service.go:154" file="github.com/senizdegen/sdu-housing/user-service/internal/user.(*service).GenerateAccessToken()"
time="2024-09-06T14:39:05+05:00" level=trace msg="token: {\"refresh_token\":\"1a60f12a-d813-4e08-8920-b8fc58d3b8a9\",\"token\":\"eyJhbGciOiJIUzI1NiIsInR5cCI6IkpXVCJ9.eyJqdGkiOiI2NmRhY2RiOWM2NmNiOGY4YzgwZmQxODkiLCJhdWQiOiJ1c2VycyIsImV4cCI6MTcyNTYxOTE0NSwidXVpZCI6IjY2ZGFjZGI5YzY2Y2I4ZjhjODBmZDE4OSIsInJvbGUiOiIifQ.P2vZ3ntA4VxXLmvMuipf29MtiEYToRQHuRrcjuDVVps\"}" func="handler.go:109" file="github.com/senizdegen/sdu-housing/user-service/internal/user.(*Handler).CreateUser()"
time="2024-09-06T14:39:05+05:00" level=info msg="GET USER" func="handler.go:35" file="github.com/senizdegen/sdu-housing/user-service/internal/user.(*Handler).GetUser()"
time="2024-09-06T14:39:05+05:00" level=debug msg="get uuid from context" func="handler.go:38" file="github.com/senizdegen/sdu-housing/user-service/internal/user.(*Handler).GetUser()"
time="2024-09-06T14:39:05+05:00" level=debug msg="marshal user" func="handler.go:46" file="github.com/senizdegen/sdu-housing/user-service/internal/user.(*Handler).GetUser()"
time="2024-09-06T14:45:09+05:00" level=info msg="Caught signal interrupt. Shutting down..." func="shutdown.go:17" file="github.com/senizdegen/sdu-housing/user-service/pkg/shutdown.Graceful()"
time="2024-09-06T14:45:09+05:00" level=warning msg="server shutdown" func="main.go:118" file="main.start()"
time="2024-09-06T14:45:13+05:00" level=info msg="logger initialized" func="main.go:29" file="main.main()"
time="2024-09-06T14:45:13+05:00" level=info msg="config initializing" func="main.go:31" file="main.main()"
time="2024-09-06T14:45:13+05:00" level=info msg="read application config" func="config.go:45" file="github.com/senizdegen/sdu-housing/user-service/internal/config.GetConfig.func1()"
time="2024-09-06T14:45:13+05:00" level=info msg="&{0xc000106ff4 {q1w2e3r4t5y6} {port localhost 10001} {localhost 27017 senizdegen akberdiev32 sh-users sh-users users}}" func="main.go:33" file="main.main()"
time="2024-09-06T14:45:13+05:00" level=info msg="router initializing" func="main.go:35" file="main.main()"
time="2024-09-06T14:45:13+05:00" level=info msg="cache initializing" func="main.go:54" file="main.main()"
time="2024-09-06T14:45:13+05:00" level=info msg="start application" func="main.go:71" file="main.main()"
time="2024-09-06T14:45:13+05:00" level=info msg="bind application to host: localhost and port: 10001" func="main.go:94" file="main.start()"
time="2024-09-06T14:45:13+05:00" level=info msg="application initialized and started" func="main.go:113" file="main.start()"
time="2024-09-06T14:45:27+05:00" level=info msg="CREATE USER" func="handler.go:91" file="github.com/senizdegen/sdu-housing/user-service/internal/user.(*Handler).CreateUser()"
time="2024-09-06T14:45:27+05:00" level=debug msg="decode create user dto" func="handler.go:94" file="github.com/senizdegen/sdu-housing/user-service/internal/user.(*Handler).CreateUser()"
time="2024-09-06T14:45:27+05:00" level=debug msg="check password and repeated password" func="service.go:94" file="github.com/senizdegen/sdu-housing/user-service/internal/user.(*service).Create()"
time="2024-09-06T14:45:27+05:00" level=debug msg="generate password hash" func="service.go:101" file="github.com/senizdegen/sdu-housing/user-service/internal/user.(*service).Create()"
time="2024-09-06T14:45:27+05:00" level=info msg="Generate jwt token" func="service.go:122" file="github.com/senizdegen/sdu-housing/user-service/internal/user.(*service).Create()"
time="2024-09-06T14:45:27+05:00" level=info msg="create refresh token" func="service.go:154" file="github.com/senizdegen/sdu-housing/user-service/internal/user.(*service).GenerateAccessToken()"
time="2024-09-06T14:45:27+05:00" level=trace msg="token: {\"refresh_token\":\"4788c05c-70d9-4a48-9137-c01c10a7a256\",\"token\":\"eyJhbGciOiJIUzI1NiIsInR5cCI6IkpXVCJ9.eyJqdGkiOiI2NmRhY2YzN2VkYTUyMzM0NmNhYzgyODAiLCJhdWQiOiJ1c2VycyIsImV4cCI6MTcyNTYxOTUyNywidXVpZCI6IjY2ZGFjZjM3ZWRhNTIzMzQ2Y2FjODI4MCIsInJvbGUiOiIifQ.biyFfVyYlASeXawt7VvVU5zy4olfh68KMA_NqnL0FuA\"}" func="handler.go:113" file="github.com/senizdegen/sdu-housing/user-service/internal/user.(*Handler).CreateUser()"
time="2024-09-06T14:50:49+05:00" level=info msg="Caught signal interrupt. Shutting down..." func="shutdown.go:17" file="github.com/senizdegen/sdu-housing/user-service/pkg/shutdown.Graceful()"
time="2024-09-06T14:50:49+05:00" level=warning msg="server shutdown" func="main.go:118" file="main.start()"
time="2024-09-06T14:50:52+05:00" level=info msg="logger initialized" func="main.go:29" file="main.main()"
time="2024-09-06T14:50:52+05:00" level=info msg="config initializing" func="main.go:31" file="main.main()"
time="2024-09-06T14:50:52+05:00" level=info msg="read application config" func="config.go:45" file="github.com/senizdegen/sdu-housing/user-service/internal/config.GetConfig.func1()"
time="2024-09-06T14:50:52+05:00" level=info msg="&{0xc0001116c4 {q1w2e3r4t5y6} {port localhost 10001} {localhost 27017 senizdegen akberdiev32 sh-users sh-users users}}" func="main.go:33" file="main.main()"
time="2024-09-06T14:50:52+05:00" level=info msg="router initializing" func="main.go:35" file="main.main()"
time="2024-09-06T14:50:52+05:00" level=info msg="cache initializing" func="main.go:54" file="main.main()"
time="2024-09-06T14:50:52+05:00" level=info msg="start application" func="main.go:71" file="main.main()"
time="2024-09-06T14:50:52+05:00" level=info msg="bind application to host: localhost and port: 10001" func="main.go:94" file="main.start()"
time="2024-09-06T14:50:52+05:00" level=info msg="application initialized and started" func="main.go:113" file="main.start()"
time="2024-09-06T14:50:59+05:00" level=info msg="CREATE USER" func="handler.go:91" file="github.com/senizdegen/sdu-housing/user-service/internal/user.(*Handler).CreateUser()"
time="2024-09-06T14:50:59+05:00" level=debug msg="decode create user dto" func="handler.go:94" file="github.com/senizdegen/sdu-housing/user-service/internal/user.(*Handler).CreateUser()"
time="2024-09-06T14:50:59+05:00" level=debug msg="check password and repeated password" func="service.go:94" file="github.com/senizdegen/sdu-housing/user-service/internal/user.(*service).Create()"
time="2024-09-06T14:50:59+05:00" level=debug msg="generate password hash" func="service.go:101" file="github.com/senizdegen/sdu-housing/user-service/internal/user.(*service).Create()"
time="2024-09-06T14:50:59+05:00" level=info msg="Generate jwt token" func="service.go:122" file="github.com/senizdegen/sdu-housing/user-service/internal/user.(*service).Create()"
time="2024-09-06T14:50:59+05:00" level=info msg="create refresh token" func="service.go:154" file="github.com/senizdegen/sdu-housing/user-service/internal/user.(*service).GenerateAccessToken()"
time="2024-09-06T14:50:59+05:00" level=trace msg="token: {\"refresh_token\":\"238d0f82-8410-4761-b03d-76002c1954cd\",\"token\":\"eyJhbGciOiJIUzI1NiIsInR5cCI6IkpXVCJ9.eyJqdGkiOiI2NmRhZDA4M2U5MGU5MjM2NGM0YjMwMjYiLCJhdWQiOiJ1c2VycyIsImV4cCI6MTcyNTYxOTg1OSwidXVpZCI6IjY2ZGFkMDgzZTkwZTkyMzY0YzRiMzAyNiIsInJvbGUiOiIifQ.BIqkXeP1lI_isNqK8GL824Kl5G0S_MqEC_05fIePraQ\"}" func="handler.go:113" file="github.com/senizdegen/sdu-housing/user-service/internal/user.(*Handler).CreateUser()"
time="2024-09-06T15:27:28+05:00" level=info msg="Caught signal interrupt. Shutting down..." func="shutdown.go:17" file="github.com/senizdegen/sdu-housing/user-service/pkg/shutdown.Graceful()"
time="2024-09-06T15:27:28+05:00" level=warning msg="server shutdown" func="main.go:118" file="main.start()"
time="2024-09-06T15:48:59+05:00" level=info msg="logger initialized" func="main.go:29" file="main.main()"
time="2024-09-06T15:48:59+05:00" level=info msg="config initializing" func="main.go:31" file="main.main()"
time="2024-09-06T15:48:59+05:00" level=info msg="read application config" func="config.go:45" file="github.com/senizdegen/sdu-housing/user-service/internal/config.GetConfig.func1()"
time="2024-09-06T15:48:59+05:00" level=info msg="&{0xc000175ff4 {q1w2e3r4t5y6} {port localhost 10001} {localhost 27017 senizdegen akberdiev32 sh-users sh-users users}}" func="main.go:33" file="main.main()"
time="2024-09-06T15:48:59+05:00" level=info msg="router initializing" func="main.go:35" file="main.main()"
time="2024-09-06T15:48:59+05:00" level=info msg="cache initializing" func="main.go:54" file="main.main()"
time="2024-09-06T15:48:59+05:00" level=info msg="start application" func="main.go:71" file="main.main()"
time="2024-09-06T15:48:59+05:00" level=info msg="bind application to host: localhost and port: 10001" func="main.go:94" file="main.start()"
time="2024-09-06T15:48:59+05:00" level=info msg="application initialized and started" func="main.go:113" file="main.start()"
time="2024-09-06T15:49:53+05:00" level=info msg="Caught signal interrupt. Shutting down..." func="shutdown.go:17" file="github.com/senizdegen/sdu-housing/user-service/pkg/shutdown.Graceful()"
time="2024-09-06T15:49:53+05:00" level=warning msg="server shutdown" func="main.go:118" file="main.start()"
time="2024-09-06T15:49:58+05:00" level=info msg="logger initialized" func="main.go:29" file="main.main()"
time="2024-09-06T15:49:58+05:00" level=info msg="config initializing" func="main.go:31" file="main.main()"
time="2024-09-06T15:49:58+05:00" level=info msg="read application config" func="config.go:45" file="github.com/senizdegen/sdu-housing/user-service/internal/config.GetConfig.func1()"
time="2024-09-06T15:49:58+05:00" level=info msg="&{0xc0001b4044 {q1w2e3r4t5y6} {port localhost 10001} {localhost 27017 senizdegen akberdiev32 sh-users sh-users users}}" func="main.go:33" file="main.main()"
time="2024-09-06T15:49:58+05:00" level=info msg="router initializing" func="main.go:35" file="main.main()"
time="2024-09-06T15:49:58+05:00" level=info msg="cache initializing" func="main.go:54" file="main.main()"
time="2024-09-06T15:49:58+05:00" level=info msg="start application" func="main.go:71" file="main.main()"
time="2024-09-06T15:49:58+05:00" level=info msg="bind application to host: localhost and port: 10001" func="main.go:94" file="main.start()"
time="2024-09-06T15:49:58+05:00" level=info msg="application initialized and started" func="main.go:113" file="main.start()"
time="2024-09-06T15:50:47+05:00" level=info msg="Caught signal interrupt. Shutting down..." func="shutdown.go:17" file="github.com/senizdegen/sdu-housing/user-service/pkg/shutdown.Graceful()"
time="2024-09-06T15:50:47+05:00" level=warning msg="server shutdown" func="main.go:118" file="main.start()"
